This is pdfTeX, Version 3.14159265-2.6-1.40.20 (TeX Live 2019) (preloaded format=latex 2019.12.13)  20 JAN 2021 11:49
entering extended mode
 \write18 enabled.
 %&-line parsing enabled.
**\makeatletter\def\HCode{\futurelet\HCode\HChar}\def\HChar{\ifx"\HCode\def\HCo
de"##1"{\Link##1}\expandafter\HCode\else\expandafter\Link\fi}\def\Link#1.a.b.c.
{\g@addto@macro\@documentclasshook{\RequirePackage[#1,html]{tex4ht}}\let\HCode\
documentstyle\def\documentstyle{\let\documentstyle\HCode\expandafter\def\csname
 tex4ht\endcsname{#1,html}\def\HCode####1{\documentstyle[tex4ht,}\@ifnextchar[{
\HCode}{\documentstyle[tex4ht]}}}\makeatother\HCode my.cfg,,charset=utf-8,html5
.a.b.c.\input "\detokenize{main}"
(/compile/main.tex (/usr/local/texlive/2019/texmf-dist/tex/latex/base/article.c
ls
Document Class: article 2019/10/25 v1.4k Standard LaTeX document class
(/usr/local/texlive/2019/texmf-dist/tex/latex/base/size10.clo
File: size10.clo 2019/10/25 v1.4k Standard LaTeX file (size option)
)
\c@part=\count80
\c@section=\count81
\c@subsection=\count82
\c@subsubsection=\count83
\c@paragraph=\count84
\c@subparagraph=\count85
\c@figure=\count86
\c@table=\count87
\abovecaptionskip=\skip41
\belowcaptionskip=\skip42
\bibindent=\dimen102
) (/usr/local/texlive/2019/texmf-dist/tex/generic/tex4ht/tex4ht.sty
version 2019-03-18-15:24
Package: tex4ht 
--------------------------------------
--- Note --- for _ at preamble, use the command line option `early_'
--------------------------------------
--------------------------------------
--- Note --- for ^ at preamble, use the command line option `early^'
--------------------------------------
\tmp:toks=\toks14
) (/usr/local/texlive/2019/texmf-dist/tex/generic/tex4ht/usepackage.4ht
version 2019-10-31-14:15
) (/usr/local/texlive/2019/texmf-dist/tex/latex/base/inputenc.sty
Package: inputenc 2018/08/11 v1.3c Input encoding file
\inpenc@prehook=\toks15
\inpenc@posthook=\toks16
) (/usr/local/texlive/2019/texmf-dist/tex/latex/amsmath/amsmath.sty
Package: amsmath 2019/11/16 v2.17d AMS math features
\@mathmargin=\skip43
For additional information on amsmath, use the `?' option.
(/usr/local/texlive/2019/texmf-dist/tex/latex/amsmath/amstext.sty
Package: amstext 2000/06/29 v2.01 AMS text
(/usr/local/texlive/2019/texmf-dist/tex/latex/amsmath/amsgen.sty
File: amsgen.sty 1999/11/30 v2.0 generic functions
\@emptytoks=\toks17
\ex@=\dimen103
)) (/usr/local/texlive/2019/texmf-dist/tex/latex/amsmath/amsbsy.sty
Package: amsbsy 1999/11/29 v1.2d Bold Symbols
\pmbraise@=\dimen104
) (/usr/local/texlive/2019/texmf-dist/tex/latex/amsmath/amsopn.sty
Package: amsopn 2016/03/08 v2.02 operator names
)
\inf@bad=\count88
LaTeX Info: Redefining \frac on input line 227.
\uproot@=\count89
\leftroot@=\count90
LaTeX Info: Redefining \overline on input line 389.
\classnum@=\count91
\DOTSCASE@=\count92
LaTeX Info: Redefining \ldots on input line 486.
LaTeX Info: Redefining \dots on input line 489.
LaTeX Info: Redefining \cdots on input line 610.
\Mathstrutbox@=\box27
\strutbox@=\box28
\big@size=\dimen105
LaTeX Font Info:    Redeclaring font encoding OML on input line 733.
LaTeX Font Info:    Redeclaring font encoding OMS on input line 734.
\macc@depth=\count93
\c@MaxMatrixCols=\count94
\dotsspace@=\muskip10
\c@parentequation=\count95
\dspbrk@lvl=\count96
\tag@help=\toks18
\row@=\count97
\column@=\count98
\maxfields@=\count99
\andhelp@=\toks19
\eqnshift@=\dimen106
\alignsep@=\dimen107
\tagshift@=\dimen108
\tagwidth@=\dimen109
\totwidth@=\dimen110
\lineht@=\dimen111
\@envbody=\toks20
\multlinegap=\skip44
\multlinetaggap=\skip45
\mathdisplay@stack=\toks21
LaTeX Info: Redefining \[ on input line 2858.
LaTeX Info: Redefining \] on input line 2859.
) (/usr/local/texlive/2019/texmf-dist/tex/latex/setspace/setspace.sty
Package: setspace 2011/12/19 v6.7a set line spacing
) (/usr/local/texlive/2019/texmf-dist/tex/latex/graphics/graphicx.sty
Package: graphicx 2017/06/01 v1.1a Enhanced LaTeX Graphics (DPC,SPQR)
(/usr/local/texlive/2019/texmf-dist/tex/latex/graphics/keyval.sty
Package: keyval 2014/10/28 v1.15 key=value parser (DPC)
\KV@toks@=\toks22
) (/usr/local/texlive/2019/texmf-dist/tex/generic/tex4ht/usepackage.4ht
version 2019-10-31-14:15
) (/usr/local/texlive/2019/texmf-dist/tex/latex/graphics/graphics.sty
Package: graphics 2019/11/01 v1.3d Standard LaTeX Graphics (DPC,SPQR)
(/usr/local/texlive/2019/texmf-dist/tex/latex/graphics/trig.sty
Package: trig 2016/01/03 v1.10 sin cos tan (DPC)
) (/usr/local/texlive/2019/texmf-dist/tex/latex/graphics-cfg/graphics.cfg
File: graphics.cfg 2016/06/04 v1.11 sample graphics configuration
)
Package graphics Info: Driver file: dvips.def on input line 105.
(/usr/local/texlive/2019/texmf-dist/tex/latex/graphics-def/dvips.def
File: dvips.def 2017/06/20 v3.1d Graphics/color driver for dvips
))
\Gin@req@height=\dimen112
\Gin@req@width=\dimen113
) (/usr/local/texlive/2019/texmf-dist/tex/latex/amsfonts/amssymb.sty
Package: amssymb 2013/01/14 v3.01 AMS font symbols
(/usr/local/texlive/2019/texmf-dist/tex/latex/amsfonts/amsfonts.sty
Package: amsfonts 2013/01/14 v3.01 Basic AMSFonts support
\symAMSa=\mathgroup4
\symAMSb=\mathgroup5
LaTeX Font Info:    Redeclaring math symbol \hbar on input line 98.
LaTeX Font Info:    Overwriting math alphabet `\mathfrak' in version `bold'
(Font)                  U/euf/m/n --> U/euf/b/n on input line 106.
)) (/usr/local/texlive/2019/texmf-dist/tex/latex/amscls/amsthm.sty
Package: amsthm 2017/10/31 v2.20.4
\thm@style=\toks23
\thm@bodyfont=\toks24
\thm@headfont=\toks25
\thm@notefont=\toks26
\thm@headpunct=\toks27
\thm@preskip=\skip46
\thm@postskip=\skip47
\thm@headsep=\skip48
\dth@everypar=\toks28
) (/usr/local/texlive/2019/texmf-dist/tex/latex/listings/listings.sty
\lst@mode=\count100
\lst@gtempboxa=\box29
\lst@token=\toks29
\lst@length=\count101
\lst@currlwidth=\dimen114
\lst@column=\count102
\lst@pos=\count103
\lst@lostspace=\dimen115
\lst@width=\dimen116
\lst@newlines=\count104
\lst@lineno=\count105
\lst@maxwidth=\dimen117
(/usr/local/texlive/2019/texmf-dist/tex/latex/listings/lstmisc.sty
File: lstmisc.sty 2019/09/10 1.8c (Carsten Heinz)
\c@lstnumber=\count106
\lst@skipnumbers=\count107
\lst@framebox=\box30
) (/usr/local/texlive/2019/texmf-dist/tex/latex/listings/listings.cfg
File: listings.cfg 2019/09/10 1.8c listings configuration
))
Package: listings 2019/09/10 1.8c (Carsten Heinz)
(/usr/local/texlive/2019/texmf-dist/tex/generic/tex4ht/usepackage.4ht
version 2019-10-31-14:15
) (/usr/local/texlive/2019/texmf-dist/tex/latex/xcolor/xcolor.sty
Package: xcolor 2016/05/11 v2.12 LaTeX color extensions (UK)
(/usr/local/texlive/2019/texmf-dist/tex/latex/graphics-cfg/color.cfg
File: color.cfg 2016/01/02 v1.6 sample color configuration
)
Package xcolor Info: Driver file: dvips.def on input line 225.
Package xcolor Info: Model `cmy' substituted by `cmy0' on input line 1348.
Package xcolor Info: Model `RGB' extended on input line 1364.
Package xcolor Info: Model `HTML' substituted by `rgb' on input line 1366.
Package xcolor Info: Model `Hsb' substituted by `hsb' on input line 1367.
Package xcolor Info: Model `tHsb' substituted by `hsb' on input line 1368.
Package xcolor Info: Model `HSB' substituted by `hsb' on input line 1369.
Package xcolor Info: Model `Gray' substituted by `gray' on input line 1370.
Package xcolor Info: Model `wave' substituted by `hsb' on input line 1371.
) (/usr/local/texlive/2019/texmf-dist/tex/latex/tools/indentfirst.sty
Package: indentfirst 1995/11/23 v1.03 Indent first paragraph (DPC)
) (/usr/local/texlive/2019/texmf-dist/tex/latex/natbib/natbib.sty
Package: natbib 2010/09/13 8.31b (PWD, AO)
\bibhang=\skip49
\bibsep=\skip50
LaTeX Info: Redefining \cite on input line 694.
\c@NAT@ctr=\count108
) (/usr/local/texlive/2019/texmf-dist/tex/latex/tools/verbatim.sty
Package: verbatim 2019/11/10 v1.5r LaTeX2e package for verbatim enhancements
\every@verbatim=\toks30
\verbatim@line=\toks31
\verbatim@in@stream=\read1
) (/usr/local/texlive/2019/texmf-dist/tex/generic/xypic/xy.sty (/usr/local/texl
ive/2019/texmf-dist/tex/generic/xypic/xy.tex Bootstrap'ing: catcodes, docmode, 
(/usr/local/texlive/2019/texmf-dist/tex/generic/xypic/xyrecat.tex) (/usr/local/
texlive/2019/texmf-dist/tex/generic/xypic/xyidioms.tex)

 Xy-pic version 3.8.9 <2013/10/06>
 Copyright (c) 1991-2013 by Kristoffer H. Rose <krisrose@tug.org> and others
 Xy-pic is free software: see the User's Guide for details.

Loading kernel: messages; fonts; allocations: state,
\X@c=\dimen118
\Y@c=\dimen119
\U@c=\dimen120
\D@c=\dimen121
\L@c=\dimen122
\R@c=\dimen123
\Edge@c=\toks32
\X@p=\dimen124
\Y@p=\dimen125
\U@p=\dimen126
\D@p=\dimen127
\L@p=\dimen128
\R@p=\dimen129
\Edge@p=\toks33
\X@origin=\dimen130
\Y@origin=\dimen131
\X@xbase=\dimen132
\Y@xbase=\dimen133
\X@ybase=\dimen134
\Y@ybase=\dimen135
\X@min=\dimen136
\Y@min=\dimen137
\X@max=\dimen138
\Y@max=\dimen139
\lastobjectbox@=\box31
\zerodotbox@=\box32
\almostz@=\dimen140
direction,
\d@X=\dimen141
\d@Y=\dimen142
\K@=\count109
\KK@=\count110
\Direction=\count111
\K@dXdY=\dimen143
\K@dYdX=\dimen144
\xyread@=\read2
\xywrite@=\write3
\csp@=\count112
\quotPTK@=\dimen145
utility macros; pictures: \xy, positions,
\swaptoks@@=\toks34
\connectobjectbox@@=\box33
objects,
\styletoks@=\toks35
decorations; kernel objects: directionals, circles, text; options; algorithms: 
directions, edges, connections;  Xy-pic loaded) (/usr/local/texlive/2019/texmf-
dist/tex/generic/iftex/ifpdf.sty
Package: ifpdf 2019/10/25 v3.4 ifpdf legacy package. Use iftex instead.
(/usr/local/texlive/2019/texmf-dist/tex/generic/iftex/iftex.sty
Package: iftex 2019/11/07 v1.0c TeX engine tests
))
Package: xy 2013/10/06 Xy-pic version 3.8.9
(/usr/local/texlive/2019/texmf-dist/tex/generic/xypic/xycmtip.tex  Xy-pic optio
n: Computer Modern tip extension v.3.7 (/usr/local/texlive/2019/texmf-dist/tex/
generic/xypic/xytips.tex  Xy-pic option: More Tips extension v.3.11 loaded) loa
ded) (/usr/local/texlive/2019/texmf-dist/tex/generic/xypic/xyall.tex  Xy-pic op
tion: All features v.3.8 (/usr/local/texlive/2019/texmf-dist/tex/generic/xypic/
xycurve.tex  Xy-pic option: Curve and Spline extension v.3.12 curve,
\crv@cnt@=\count113
\crvpts@=\toks36
\splinebox@=\box34
\splineval@=\dimen146
\splinedepth@=\dimen147
\splinetol@=\dimen148
\splinelength@=\dimen149
circles,
\L@=\dimen150
loaded) (/usr/local/texlive/2019/texmf-dist/tex/generic/xypic/xyframe.tex  Xy-p
ic option: Frame and Bracket extension v.3.14 loaded) (/usr/local/texlive/2019/
texmf-dist/tex/generic/xypic/xyline.tex  Xy-pic option: Line styles extension v
.3.10
\xylinethick@=\dimen151
loaded) (/usr/local/texlive/2019/texmf-dist/tex/generic/xypic/xyrotate.tex  Xy-
pic option: Rotate and Scale extension v.3.8 loaded) (/usr/local/texlive/2019/t
exmf-dist/tex/generic/xypic/xycolor.tex  Xy-pic option: Colour extension v.3.11
loaded) (/usr/local/texlive/2019/texmf-dist/tex/generic/xypic/xymatrix.tex  Xy-
pic option: Matrix feature v.3.14
\Row=\count114
\Col=\count115
\queue@=\toks37
\queue@@=\toks38
\qcount@=\count116
\qcount@@=\count117
\matrixsize@=\count118
loaded) (/usr/local/texlive/2019/texmf-dist/tex/generic/xypic/xyarrow.tex  Xy-p
ic option: Arrow and Path feature v.3.9 path, \ar, loaded) (/usr/local/texlive/
2019/texmf-dist/tex/generic/xypic/xygraph.tex  Xy-pic option: Graph feature v.3
.11 loaded) loaded)) (/usr/local/texlive/2019/texmf-dist/tex/latex/tikz-cd/tikz
-cd.sty
Package: tikz-cd 2018/11/19 v0.9f Commutative diagrams with TikZ
(/usr/local/texlive/2019/texmf-dist/tex/generic/tex4ht/usepackage.4ht
version 2019-10-31-14:15
) (/usr/local/texlive/2019/texmf-dist/tex/latex/pgf/frontendlayer/tikz.sty (/us
r/local/texlive/2019/texmf-dist/tex/latex/pgf/basiclayer/pgf.sty (/usr/local/te
xlive/2019/texmf-dist/tex/latex/pgf/utilities/pgfrcs.sty
(/usr/local/texlive/2019/texmf-dist/tex/generic/pgf/utilities/pgfutil-common.te
x
\pgfutil@everybye=\toks39
\pgfutil@tempdima=\dimen152
\pgfutil@tempdimb=\dimen153

(/usr/local/texlive/2019/texmf-dist/tex/generic/pgf/utilities/pgfutil-common-li
sts.tex))
(/usr/local/texlive/2019/texmf-dist/tex/generic/pgf/utilities/pgfutil-latex.def
\pgfutil@abb=\box35
(/usr/local/texlive/2019/texmf-dist/tex/latex/ms/everyshi.sty
Package: everyshi 2001/05/15 v3.00 EveryShipout Package (MS)
)) (/usr/local/texlive/2019/texmf-dist/tex/generic/pgf/utilities/pgfrcs.code.te
x (/usr/local/texlive/2019/texmf-dist/tex/generic/pgf/pgf.revision.tex)
Package: pgfrcs 2019/08/03 v3.1.4b (3.1.4b)
))
Package: pgf 2019/08/03 v3.1.4b (3.1.4b)
(/usr/local/texlive/2019/texmf-dist/tex/latex/pgf/basiclayer/pgfcore.sty (/usr/
local/texlive/2019/texmf-dist/tex/latex/pgf/systemlayer/pgfsys.sty
(/usr/local/texlive/2019/texmf-dist/tex/generic/pgf/systemlayer/pgfsys.code.tex
Package: pgfsys 2019/08/03 v3.1.4b (3.1.4b)
(/usr/local/texlive/2019/texmf-dist/tex/generic/pgf/utilities/pgfkeys.code.tex
\pgfkeys@pathtoks=\toks40
\pgfkeys@temptoks=\toks41

(/usr/local/texlive/2019/texmf-dist/tex/generic/pgf/utilities/pgfkeysfiltered.c
ode.tex
\pgfkeys@tmptoks=\toks42
))
\pgf@x=\dimen154
\pgf@y=\dimen155
\pgf@xa=\dimen156
\pgf@ya=\dimen157
\pgf@xb=\dimen158
\pgf@yb=\dimen159
\pgf@xc=\dimen160
\pgf@yc=\dimen161
\pgf@xd=\dimen162
\pgf@yd=\dimen163
\w@pgf@writea=\write4
\r@pgf@reada=\read3
\c@pgf@counta=\count119
\c@pgf@countb=\count120
\c@pgf@countc=\count121
\c@pgf@countd=\count122
\t@pgf@toka=\toks43
\t@pgf@tokb=\toks44
\t@pgf@tokc=\toks45
\pgf@sys@id@count=\count123
(/usr/local/texlive/2019/texmf-dist/tex/generic/pgf/systemlayer/pgf.cfg
File: pgf.cfg 2019/08/03 v3.1.4b (3.1.4b)
)
Driver file for pgf: pgfsys-tex4ht.def

(/usr/local/texlive/2019/texmf-dist/tex/generic/pgf/systemlayer/pgfsys-tex4ht.d
ef
File: pgfsys-tex4ht.def 2019/08/03 v3.1.4b (3.1.4b)

(/usr/local/texlive/2019/texmf-dist/tex/generic/pgf/systemlayer/pgfsys-common-s
vg.def
File: pgfsys-common-svg.def 2019/08/03 v3.1.4b (3.1.4b)
\pgf@sys@svg@objectcount=\count124
\pgf@sys@svg@scopecount=\count125
\pgf@sys@svg@type@count=\count126
\pgf@sys@svg@canvascount=\count127
)
\pgf@sys@svg@picnum=\count128
\pgf@sys@svg@nodenum=\count129
\pgfsys@foreignobject@Box=\box36
\pgf@s=\dimen164
\pgf@t=\dimen165
(/usr/local/texlive/2019/texmf-dist/tex/generic/tex4ht/usepackage.4ht
version 2019-10-31-14:15
)))
(/usr/local/texlive/2019/texmf-dist/tex/generic/pgf/systemlayer/pgfsyssoftpath.
code.tex
File: pgfsyssoftpath.code.tex 2019/08/03 v3.1.4b (3.1.4b)
\pgfsyssoftpath@smallbuffer@items=\count130
\pgfsyssoftpath@bigbuffer@items=\count131
)
(/usr/local/texlive/2019/texmf-dist/tex/generic/pgf/systemlayer/pgfsysprotocol.
code.tex
File: pgfsysprotocol.code.tex 2019/08/03 v3.1.4b (3.1.4b)
)) (/usr/local/texlive/2019/texmf-dist/tex/generic/tex4ht/usepackage.4ht
version 2019-10-31-14:15
)
(/usr/local/texlive/2019/texmf-dist/tex/generic/pgf/basiclayer/pgfcore.code.tex
Package: pgfcore 2019/08/03 v3.1.4b (3.1.4b)
(/usr/local/texlive/2019/texmf-dist/tex/generic/pgf/math/pgfmath.code.tex (/usr
/local/texlive/2019/texmf-dist/tex/generic/pgf/math/pgfmathcalc.code.tex (/usr/
local/texlive/2019/texmf-dist/tex/generic/pgf/math/pgfmathutil.code.tex)
(/usr/local/texlive/2019/texmf-dist/tex/generic/pgf/math/pgfmathparser.code.tex
\pgfmath@dimen=\dimen166
\pgfmath@count=\count132
\pgfmath@box=\box37
\pgfmath@toks=\toks46
\pgfmath@stack@operand=\toks47
\pgfmath@stack@operation=\toks48
)
(/usr/local/texlive/2019/texmf-dist/tex/generic/pgf/math/pgfmathfunctions.code.
tex
(/usr/local/texlive/2019/texmf-dist/tex/generic/pgf/math/pgfmathfunctions.basic
.code.tex)
(/usr/local/texlive/2019/texmf-dist/tex/generic/pgf/math/pgfmathfunctions.trigo
nometric.code.tex)
(/usr/local/texlive/2019/texmf-dist/tex/generic/pgf/math/pgfmathfunctions.rando
m.code.tex)
(/usr/local/texlive/2019/texmf-dist/tex/generic/pgf/math/pgfmathfunctions.compa
rison.code.tex)
(/usr/local/texlive/2019/texmf-dist/tex/generic/pgf/math/pgfmathfunctions.base.
code.tex)
(/usr/local/texlive/2019/texmf-dist/tex/generic/pgf/math/pgfmathfunctions.round
.code.tex)
(/usr/local/texlive/2019/texmf-dist/tex/generic/pgf/math/pgfmathfunctions.misc.
code.tex)
(/usr/local/texlive/2019/texmf-dist/tex/generic/pgf/math/pgfmathfunctions.integ
erarithmetics.code.tex))) (/usr/local/texlive/2019/texmf-dist/tex/generic/pgf/m
ath/pgfmathfloat.code.tex
\c@pgfmathroundto@lastzeros=\count133
)) (/usr/local/texlive/2019/texmf-dist/tex/generic/pgf/math/pgfint.code.tex)
(/usr/local/texlive/2019/texmf-dist/tex/generic/pgf/basiclayer/pgfcorepoints.co
de.tex
File: pgfcorepoints.code.tex 2019/08/03 v3.1.4b (3.1.4b)
\pgf@picminx=\dimen167
\pgf@picmaxx=\dimen168
\pgf@picminy=\dimen169
\pgf@picmaxy=\dimen170
\pgf@pathminx=\dimen171
\pgf@pathmaxx=\dimen172
\pgf@pathminy=\dimen173
\pgf@pathmaxy=\dimen174
\pgf@xx=\dimen175
\pgf@xy=\dimen176
\pgf@yx=\dimen177
\pgf@yy=\dimen178
\pgf@zx=\dimen179
\pgf@zy=\dimen180
)
(/usr/local/texlive/2019/texmf-dist/tex/generic/pgf/basiclayer/pgfcorepathconst
ruct.code.tex
File: pgfcorepathconstruct.code.tex 2019/08/03 v3.1.4b (3.1.4b)
\pgf@path@lastx=\dimen181
\pgf@path@lasty=\dimen182
)
(/usr/local/texlive/2019/texmf-dist/tex/generic/pgf/basiclayer/pgfcorepathusage
.code.tex
File: pgfcorepathusage.code.tex 2019/08/03 v3.1.4b (3.1.4b)
\pgf@shorten@end@additional=\dimen183
\pgf@shorten@start@additional=\dimen184
)
(/usr/local/texlive/2019/texmf-dist/tex/generic/pgf/basiclayer/pgfcorescopes.co
de.tex
File: pgfcorescopes.code.tex 2019/08/03 v3.1.4b (3.1.4b)
\pgfpic=\box38
\pgf@hbox=\box39
\pgf@layerbox@main=\box40
\pgf@picture@serial@count=\count134
)
(/usr/local/texlive/2019/texmf-dist/tex/generic/pgf/basiclayer/pgfcoregraphicst
ate.code.tex
File: pgfcoregraphicstate.code.tex 2019/08/03 v3.1.4b (3.1.4b)
\pgflinewidth=\dimen185
)
(/usr/local/texlive/2019/texmf-dist/tex/generic/pgf/basiclayer/pgfcoretransform
ations.code.tex
File: pgfcoretransformations.code.tex 2019/08/03 v3.1.4b (3.1.4b)
\pgf@pt@x=\dimen186
\pgf@pt@y=\dimen187
\pgf@pt@temp=\dimen188
)
(/usr/local/texlive/2019/texmf-dist/tex/generic/pgf/basiclayer/pgfcorequick.cod
e.tex
File: pgfcorequick.code.tex 2019/08/03 v3.1.4b (3.1.4b)
)
(/usr/local/texlive/2019/texmf-dist/tex/generic/pgf/basiclayer/pgfcoreobjects.c
ode.tex
File: pgfcoreobjects.code.tex 2019/08/03 v3.1.4b (3.1.4b)
)
(/usr/local/texlive/2019/texmf-dist/tex/generic/pgf/basiclayer/pgfcorepathproce
ssing.code.tex
File: pgfcorepathprocessing.code.tex 2019/08/03 v3.1.4b (3.1.4b)
)
(/usr/local/texlive/2019/texmf-dist/tex/generic/pgf/basiclayer/pgfcorearrows.co
de.tex
File: pgfcorearrows.code.tex 2019/08/03 v3.1.4b (3.1.4b)
\pgfarrowsep=\dimen189
)
(/usr/local/texlive/2019/texmf-dist/tex/generic/pgf/basiclayer/pgfcoreshade.cod
e.tex
File: pgfcoreshade.code.tex 2019/08/03 v3.1.4b (3.1.4b)
\pgf@max=\dimen190
\pgf@sys@shading@range@num=\count135
\pgf@shadingcount=\count136
)
(/usr/local/texlive/2019/texmf-dist/tex/generic/pgf/basiclayer/pgfcoreimage.cod
e.tex
File: pgfcoreimage.code.tex 2019/08/03 v3.1.4b (3.1.4b)

(/usr/local/texlive/2019/texmf-dist/tex/generic/pgf/basiclayer/pgfcoreexternal.
code.tex
File: pgfcoreexternal.code.tex 2019/08/03 v3.1.4b (3.1.4b)
\pgfexternal@startupbox=\box41
))
(/usr/local/texlive/2019/texmf-dist/tex/generic/pgf/basiclayer/pgfcorelayers.co
de.tex
File: pgfcorelayers.code.tex 2019/08/03 v3.1.4b (3.1.4b)
)
(/usr/local/texlive/2019/texmf-dist/tex/generic/pgf/basiclayer/pgfcoretranspare
ncy.code.tex
File: pgfcoretransparency.code.tex 2019/08/03 v3.1.4b (3.1.4b)
)
(/usr/local/texlive/2019/texmf-dist/tex/generic/pgf/basiclayer/pgfcorepatterns.
code.tex
File: pgfcorepatterns.code.tex 2019/08/03 v3.1.4b (3.1.4b)
)
(/usr/local/texlive/2019/texmf-dist/tex/generic/pgf/basiclayer/pgfcorerdf.code.
tex
File: pgfcorerdf.code.tex 2019/08/03 v3.1.4b (3.1.4b)
)))
(/usr/local/texlive/2019/texmf-dist/tex/generic/pgf/modules/pgfmoduleshapes.cod
e.tex
File: pgfmoduleshapes.code.tex 2019/08/03 v3.1.4b (3.1.4b)
\pgfnodeparttextbox=\box42
)
(/usr/local/texlive/2019/texmf-dist/tex/generic/pgf/modules/pgfmoduleplot.code.
tex
File: pgfmoduleplot.code.tex 2019/08/03 v3.1.4b (3.1.4b)
)
(/usr/local/texlive/2019/texmf-dist/tex/latex/pgf/compatibility/pgfcomp-version
-0-65.sty
Package: pgfcomp-version-0-65 2019/08/03 v3.1.4b (3.1.4b)
\pgf@nodesepstart=\dimen191
\pgf@nodesepend=\dimen192
)
(/usr/local/texlive/2019/texmf-dist/tex/latex/pgf/compatibility/pgfcomp-version
-1-18.sty
Package: pgfcomp-version-1-18 2019/08/03 v3.1.4b (3.1.4b)
)) (/usr/local/texlive/2019/texmf-dist/tex/latex/pgf/utilities/pgffor.sty (/usr
/local/texlive/2019/texmf-dist/tex/latex/pgf/utilities/pgfkeys.sty (/usr/local/
texlive/2019/texmf-dist/tex/generic/pgf/utilities/pgfkeys.code.tex)) (/usr/loca
l/texlive/2019/texmf-dist/tex/latex/pgf/math/pgfmath.sty (/usr/local/texlive/20
19/texmf-dist/tex/generic/pgf/math/pgfmath.code.tex)) (/usr/local/texlive/2019/
texmf-dist/tex/generic/pgf/utilities/pgffor.code.tex
Package: pgffor 2019/08/03 v3.1.4b (3.1.4b)
(/usr/local/texlive/2019/texmf-dist/tex/generic/pgf/math/pgfmath.code.tex)
\pgffor@iter=\dimen193
\pgffor@skip=\dimen194
\pgffor@stack=\toks49
\pgffor@toks=\toks50
))
(/usr/local/texlive/2019/texmf-dist/tex/generic/pgf/frontendlayer/tikz/tikz.cod
e.tex
Package: tikz 2019/08/03 v3.1.4b (3.1.4b)

(/usr/local/texlive/2019/texmf-dist/tex/generic/pgf/libraries/pgflibraryplothan
dlers.code.tex
File: pgflibraryplothandlers.code.tex 2019/08/03 v3.1.4b (3.1.4b)
\pgf@plot@mark@count=\count137
\pgfplotmarksize=\dimen195
)
\tikz@lastx=\dimen196
\tikz@lasty=\dimen197
\tikz@lastxsaved=\dimen198
\tikz@lastysaved=\dimen199
\tikz@lastmovetox=\dimen256
\tikz@lastmovetoy=\dimen257
\tikzleveldistance=\dimen258
\tikzsiblingdistance=\dimen259
\tikz@figbox=\box43
\tikz@figbox@bg=\box44
\tikz@tempbox=\box45
\tikz@tempbox@bg=\box46
\tikztreelevel=\count138
\tikznumberofchildren=\count139
\tikznumberofcurrentchild=\count140
\tikz@fig@count=\count141

(/usr/local/texlive/2019/texmf-dist/tex/generic/pgf/modules/pgfmodulematrix.cod
e.tex
File: pgfmodulematrix.code.tex 2019/08/03 v3.1.4b (3.1.4b)
\pgfmatrixcurrentrow=\count142
\pgfmatrixcurrentcolumn=\count143
\pgf@matrix@numberofcolumns=\count144
)
\tikz@expandcount=\count145

(/usr/local/texlive/2019/texmf-dist/tex/generic/pgf/frontendlayer/tikz/librarie
s/tikzlibrarytopaths.code.tex
File: tikzlibrarytopaths.code.tex 2019/08/03 v3.1.4b (3.1.4b)
))) (/usr/local/texlive/2019/texmf-dist/tex/generic/tikz-cd/tikzlibrarycd.code.
tex
(/usr/local/texlive/2019/texmf-dist/tex/generic/pgf/frontendlayer/tikz/librarie
s/tikzlibrarymatrix.code.tex
File: tikzlibrarymatrix.code.tex 2019/08/03 v3.1.4b (3.1.4b)
)
(/usr/local/texlive/2019/texmf-dist/tex/generic/pgf/frontendlayer/tikz/librarie
s/tikzlibraryquotes.code.tex
File: tikzlibraryquotes.code.tex 2019/08/03 v3.1.4b (3.1.4b)
)
(/usr/local/texlive/2019/texmf-dist/tex/generic/pgf/libraries/pgflibraryarrows.
meta.code.tex
File: pgflibraryarrows.meta.code.tex 2019/08/03 v3.1.4b (3.1.4b)
\pgfarrowinset=\dimen260
\pgfarrowlength=\dimen261
\pgfarrowwidth=\dimen262
\pgfarrowlinewidth=\dimen263
))) (/usr/local/texlive/2019/texmf-dist/tex/latex/hyperref/hyperref.sty
Package: hyperref 2019/11/10 v7.00c Hypertext links for LaTeX
(/usr/local/texlive/2019/texmf-dist/tex/generic/oberdiek/ltxcmds.sty
Package: ltxcmds 2016/05/16 v1.23 LaTeX kernel commands for general use (HO)
) (/usr/local/texlive/2019/texmf-dist/tex/latex/pdftexcmds/pdftexcmds.sty
Package: pdftexcmds 2019/11/24 v0.31 Utility functions of pdfTeX for LuaTeX (HO
)
(/usr/local/texlive/2019/texmf-dist/tex/generic/oberdiek/infwarerr.sty
Package: infwarerr 2016/05/16 v1.4 Providing info/warning/error messages (HO)
)
Package pdftexcmds Info: \pdf@primitive is available.
Package pdftexcmds Info: \pdf@ifprimitive is available.
Package pdftexcmds Info: \pdfdraftmode is ignored in DVI mode.
) (/usr/local/texlive/2019/texmf-dist/tex/generic/oberdiek/kvsetkeys.sty
Package: kvsetkeys 2016/05/16 v1.17 Key value parser (HO)
(/usr/local/texlive/2019/texmf-dist/tex/generic/oberdiek/etexcmds.sty
Package: etexcmds 2016/05/16 v1.6 Avoid name clashes with e-TeX commands (HO)
(/usr/local/texlive/2019/texmf-dist/tex/generic/iftex/ifluatex.sty
Package: ifluatex 2019/10/25 v1.5 ifluatex legacy package. Use iftex instead.
))) (/usr/local/texlive/2019/texmf-dist/tex/generic/oberdiek/kvdefinekeys.sty
Package: kvdefinekeys 2016/05/16 v1.4 Define keys (HO)
) (/usr/local/texlive/2019/texmf-dist/tex/generic/oberdiek/pdfescape.sty
Package: pdfescape 2016/05/16 v1.14 Implements pdfTeX's escape features (HO)
) (/usr/local/texlive/2019/texmf-dist/tex/latex/oberdiek/hycolor.sty
Package: hycolor 2016/05/16 v1.8 Color options for hyperref/bookmark (HO)
(/usr/local/texlive/2019/texmf-dist/tex/latex/oberdiek/xcolor-patch.sty
Package: xcolor-patch 2016/05/16 xcolor patch
(/usr/local/texlive/2019/texmf-dist/tex/latex/oberdiek/hopatch.sty
Package: hopatch 2016/05/16 v1.3 Wrapper for package hooks (HO)
))) (/usr/local/texlive/2019/texmf-dist/tex/latex/oberdiek/letltxmacro.sty
Package: letltxmacro 2016/05/16 v1.5 Let assignment for LaTeX macros (HO)
) (/usr/local/texlive/2019/texmf-dist/tex/latex/oberdiek/auxhook.sty
Package: auxhook 2016/05/16 v1.4 Hooks for auxiliary files (HO)

Package auxhook Warning: Cannot patch \document,
(auxhook)                using \AtBeginDocument instead.

) (/usr/local/texlive/2019/texmf-dist/tex/latex/kvoptions/kvoptions.sty
Package: kvoptions 2019/11/29 v3.13 Key value format for package options (HO)
)
\@linkdim=\dimen264
\Hy@linkcounter=\count146
\Hy@pagecounter=\count147
(/usr/local/texlive/2019/texmf-dist/tex/latex/hyperref/pd1enc.def
File: pd1enc.def 2019/11/10 v7.00c Hyperref: PDFDocEncoding definition (HO)
Now handling font encoding PD1 ...
... no UTF-8 mapping file for font encoding PD1
) (/usr/local/texlive/2019/texmf-dist/tex/generic/oberdiek/intcalc.sty
Package: intcalc 2016/05/16 v1.2 Expandable calculations with integers (HO)
)
\Hy@SavedSpaceFactor=\count148
(/usr/local/texlive/2019/texmf-dist/tex/latex/latexconfig/hyperref.cfg
File: hyperref.cfg 2002/06/06 v1.2 hyperref configuration of TeXLive
)
Package hyperref Info: Option `colorlinks' set `true' on input line 4409.
Package hyperref Info: Option `colorlinks' set `true' on input line 4409.
Package hyperref Info: Hyper figures OFF on input line 4535.
Package hyperref Info: Link nesting OFF on input line 4540.
Package hyperref Info: Hyper index ON on input line 4543.
Package hyperref Info: Plain pages OFF on input line 4550.
Package hyperref Info: Backreferencing OFF on input line 4555.
Package hyperref Info: Implicit mode ON; LaTeX internals redefined.
Package hyperref Info: Bookmarks ON on input line 4788.
\c@Hy@tempcnt=\count149
(/usr/local/texlive/2019/texmf-dist/tex/latex/url/url.sty
\Urlmuskip=\muskip11
Package: url 2013/09/16  ver 3.4  Verb mode for urls, etc.
)
LaTeX Info: Redefining \url on input line 5147.
\XeTeXLinkMargin=\dimen265
(/usr/local/texlive/2019/texmf-dist/tex/generic/oberdiek/bitset.sty
Package: bitset 2016/05/16 v1.2 Handle bit-vector datatype (HO)
(/usr/local/texlive/2019/texmf-dist/tex/generic/oberdiek/bigintcalc.sty
Package: bigintcalc 2016/05/16 v1.4 Expandable calculations on big integers (HO
)
))
\Fld@menulength=\count150
\Field@Width=\dimen266
\Fld@charsize=\dimen267
\Field@toks=\toks51
Package hyperref Info: Hyper figures OFF on input line 6418.
Package hyperref Info: Link nesting OFF on input line 6423.
Package hyperref Info: Hyper index ON on input line 6426.
Package hyperref Info: backreferencing OFF on input line 6433.
Package hyperref Info: Link coloring ON on input line 6436.
Package hyperref Info: Link coloring with OCG OFF on input line 6443.
Package hyperref Info: PDF/A mode OFF on input line 6448.
LaTeX Info: Redefining \ref on input line 6488.
LaTeX Info: Redefining \pageref on input line 6492.
(/usr/local/texlive/2019/texmf-dist/tex/generic/oberdiek/atbegshi.sty
Package: atbegshi 2016/06/09 v1.18 At begin shipout hook (HO)
)
\Hy@abspage=\count151

Package hyperref Message: Stopped early.

)
Package hyperref Info: Driver: htex4ht.
(/usr/local/texlive/2019/texmf-dist/tex/latex/hyperref/htex4ht.def
File: htex4ht.def 2019/11/10 v7.00c Hyperref driver for TeX4ht
Package hyperref Info: tex4ht is already loaded.
)
\c@theorem=\count152
\c@algorithm=\count153
\c@axiom=\count154
\c@property=\count155
\c@condition=\count156
\c@conclusion=\count157
\c@assumption=\count158
(/compile/my.cfg (/usr/local/texlive/2019/texmf-dist/tex/generic/tex4ht/tex4ht.
4ht
version 2018-12-30-09:29
--------------------------------------
--- Note --- for additional information, use the command line option `info'
--------------------------------------
::::::::::::::::::::::::::::::::::::::::::
 TeX4ht info is available in the log file 
::::::::::::::::::::::::::::::::::::::::::
) (/usr/local/texlive/2019/texmf-dist/tex/generic/tex4ht/tex4ht.sty
version 2019-03-18-15:24
--- needs --- tex4ht main ---
\tmp:cnt=\count159
\openout15 = `main.tmp'.

(/compile/main.tmp)
\tmp:dim=\skip51
(/compile/main.xref)
\:refout=\write5
\openout5 = `main.xref'.

(/usr/local/texlive/2019/texmf-dist/tex/generic/tex4ht/html4.4ht
version 2019-11-07-14:08
--------------------------------------
--- Note --- to remove the <?xml version=...?> processing instruction use the c
ommand line option `no-VERSION'
--------------------------------------
--------------------------------------
--- Note --- to remove the DOCTYPE declaration use the command line option `no-
DOCTYPE'
--------------------------------------
) (/usr/local/texlive/2019/texmf-dist/tex/generic/tex4ht/unicode.4ht
version 2019-06-06-15:03
) (/usr/local/texlive/2019/texmf-dist/tex/generic/tex4ht/mathml.4ht
version 2019-11-26-14:23
) (/usr/local/texlive/2019/texmf-dist/tex/generic/tex4ht/html-mml.4ht
version 2018-12-05-15:46
) (/usr/local/texlive/2019/texmf-dist/tex/generic/tex4ht/html5.4ht
version 2019-11-21-13:36
)
--------------------------------------
--- Note --- for marking of the base font, use the command line option `fonts+'

--------------------------------------
--------------------------------------
--- Note --- for non active _, use the command line option `no_'
--------------------------------------
--------------------------------------
--- Note --- for _ of catcode 13, use the command line option `_13'
--------------------------------------
--------------------------------------
--- Note --- for non active ^, use the command line option `no^'
--------------------------------------
--------------------------------------
--- Note --- for ^ of catcode 13, use the command line option `^13'
--------------------------------------
(/usr/local/texlive/2019/texmf-dist/tex/generic/tex4ht/html4.4ht
version 2019-11-07-14:08
--------------------------------------
--- Note --- to ignore CSS font decoration, use the `NoFonts' command line opti
on
--------------------------------------
--------------------------------------
--- Note --- for jpg bitmaps of pictures, use the `jpg' command line option. (C
haracter bitmaps are controled only by `g' records of tex4ht.env and `-g' switc
hes of tex4ht.c) 
--------------------------------------
--------------------------------------
--- Note --- for gif bitmaps of pictures, use the `gif' command line option. (C
haracter bitmaps are controled only by `g' records of tex4ht.env and `-g' switc
hes of tex4ht.c) 
--------------------------------------
--------------------------------------
--- Note --- for content and toc in 2 frames, use the command line option `fram
es'
--------------------------------------
--------------------------------------
--- Note --- for content, toc, and footnotes in 3 frames, use the command line 
option `frames-fn'
--------------------------------------
--------------------------------------
--- Note --- for file extension name xht, use the command line option `xht'
--------------------------------------
TeX4ht package options: charset=utf-8,html5,html,xhtml,mathml
--------------------------------------
--- Note --- To print a timestamp, use the command line option timestamp
--------------------------------------
--------------------------------------
--- Note --- to ignore CSS code, use the command line option `-css
--------------------------------------
--------------------------------------
--- Note --- for inline CSS code, use the command line option `css-in'
--------------------------------------
--------------------------------------
--- Note --- for pop ups on mouse over, use the command line option `mouseover'

--------------------------------------
--------------------------------------
--- Note --- for addressing images in a subdirectory, use the command line opti
on `imgdir:.../'
--------------------------------------
) (/usr/local/texlive/2019/texmf-dist/tex/generic/tex4ht/unicode.4ht
version 2019-06-06-15:03
) (/usr/local/texlive/2019/texmf-dist/tex/generic/tex4ht/mathml.4ht
version 2019-11-26-14:23
) (/usr/local/texlive/2019/texmf-dist/tex/generic/tex4ht/html-mml.4ht
version 2018-12-05-15:46
) (/usr/local/texlive/2019/texmf-dist/tex/generic/tex4ht/html5.4ht
version 2019-11-21-13:36
--------------------------------------
--- Note --- To print a timestamp, use the command line option timestamp
--------------------------------------
)
\:tokwrite=\toks52
\:tokpage=\toks53
--------------------------------------
--- Note --- for back links to toc, use the command line option `sections+'
--------------------------------------
--------------------------------------
--- Note --- for linear crosslinks of pages, use the command line option `next'

--------------------------------------
\openout15 = `main.4ct'.

\:tocout=\write6
\openout6 = `main.4tc'.

(/usr/local/texlive/2019/texmf-dist/tex/generic/tex4ht/html4.4ht
version 2019-11-07-14:08
) (/usr/local/texlive/2019/texmf-dist/tex/generic/tex4ht/unicode.4ht
version 2019-06-06-15:03
) (/usr/local/texlive/2019/texmf-dist/tex/generic/tex4ht/mathml.4ht
version 2019-11-26-14:23
) (/usr/local/texlive/2019/texmf-dist/tex/generic/tex4ht/html-mml.4ht
version 2018-12-05-15:46
) (/usr/local/texlive/2019/texmf-dist/tex/generic/tex4ht/html5.4ht
version 2019-11-21-13:36
) (/usr/local/texlive/2019/texmf-dist/tex/generic/tex4ht/latex.4ht
version 2019-08-26-14:22
LaTeX Info: Redefining \_ on input line 168.
--------------------------------------
--- Note --- for links into captions, instead of float heads, use the command l
ine option `refcaption'
--------------------------------------
(/usr/local/texlive/2019/texmf-dist/tex/generic/tex4ht/html4.4ht
version 2019-11-07-14:08
) (/usr/local/texlive/2019/texmf-dist/tex/generic/tex4ht/unicode.4ht
version 2019-06-06-15:03
) (/usr/local/texlive/2019/texmf-dist/tex/generic/tex4ht/mathml.4ht
version 2019-11-26-14:23
) (/usr/local/texlive/2019/texmf-dist/tex/generic/tex4ht/html-mml.4ht
version 2018-12-05-15:46
) (/usr/local/texlive/2019/texmf-dist/tex/generic/tex4ht/html5.4ht
version 2019-11-21-13:36
) (/usr/local/texlive/2019/texmf-dist/tex/generic/tex4ht/html4.4ht
version 2019-11-07-14:08
--------------------------------------
--- Note --- For mini tocs immediately aftter the header use the command line o
ption `minitoc<'
--------------------------------------
--------------------------------------
--- Note --- for enumerated list elements with valued data, use the command lin
e option `enumerate+'
--------------------------------------
--------------------------------------
--- Note --- for enumerated list elements li's with value attributes, use the c
ommand line option `enumerate-'
--------------------------------------
--------------------------------------
--- Note --- for CSS2 code, use the command line option `css2'
--------------------------------------
--------------------------------------
--- Note --- for pictorial tabular, use the command line option `pic-tabular'
--------------------------------------
--------------------------------------
--- Note --- for bitmap fbox'es, use the command line option `pic-fbox'
--------------------------------------
--------------------------------------
--- Note --- for bitmap framebox'es, use the command line option `pic-framebox'

--------------------------------------
--------------------------------------
--- Note --- for inline footnotes use command line option `fn-in'
--------------------------------------
--------------------------------------
--- Note --- for tracing of latex font commands, use the command line option `f
onts'
--------------------------------------
--------------------------------------
--- Note --- for width specifications of tabular p entries, use the `p-width' c
ommand line option or a configuration similar to \Configure{HColWidth}{\HCode{ 
style="width:\HColWidth"}}
--------------------------------------
) (/usr/local/texlive/2019/texmf-dist/tex/generic/tex4ht/unicode.4ht
version 2019-06-06-15:03
) (/usr/local/texlive/2019/texmf-dist/tex/generic/tex4ht/mathml.4ht
version 2019-11-26-14:23
) (/usr/local/texlive/2019/texmf-dist/tex/generic/tex4ht/html-mml.4ht
version 2018-12-05-15:46
) (/usr/local/texlive/2019/texmf-dist/tex/generic/tex4ht/html5.4ht
version 2019-11-21-13:36
)) (/usr/local/texlive/2019/texmf-dist/tex/generic/tex4ht/fontmath.4ht
version 2018-11-06-15:55
(/usr/local/texlive/2019/texmf-dist/tex/generic/tex4ht/html4.4ht
version 2019-11-07-14:08
) (/usr/local/texlive/2019/texmf-dist/tex/generic/tex4ht/unicode.4ht
version 2019-06-06-15:03
) (/usr/local/texlive/2019/texmf-dist/tex/generic/tex4ht/mathml.4ht
version 2019-11-26-14:23
\tmp:bx=\box47
[1

]
LaTeX Font Info:    Trying to load font information for U+msa on input line 138
9.
(/usr/local/texlive/2019/texmf-dist/tex/latex/amsfonts/umsa.fd
File: umsa.fd 2013/01/14 v3.01 AMS symbols A
)
LaTeX Font Info:    Trying to load font information for U+msb on input line 138
9.
(/usr/local/texlive/2019/texmf-dist/tex/latex/amsfonts/umsb.fd
File: umsb.fd 2013/01/14 v3.01 AMS symbols B
) [2] [3] [4] [5] [6] [7] [8] [9] [10] [11] [12] [13] [14] [15] [16] [17] [18] 
[19] [20] [21] [22] [23] [24] [25] [26] [27] [28] [29] [30] [31] [32] [33] [34]
[35] [36] [37] [38] [39] [40] [41] [42] [43] [44] [45] [46] [47] [48]
--------------------------------------
--- Note --- for sources failing to produce clean mathml code, try the command 
line option `mathml-'
--------------------------------------
[49] [50] [51] [52] [53]) (/usr/local/texlive/2019/texmf-dist/tex/generic/tex4h
t/html-mml.4ht
version 2018-12-05-15:46
) (/usr/local/texlive/2019/texmf-dist/tex/generic/tex4ht/html5.4ht
version 2019-11-21-13:36
)) (/usr/local/texlive/2019/texmf-dist/tex/generic/tex4ht/article.4ht (/usr/loc
al/texlive/2019/texmf-dist/tex/generic/tex4ht/html4.4ht
version 2019-11-07-14:08
--------------------------------------
--- Note --- for automatic sectioning pagination, use the command line option `
1', `2', `3', '4', '5', '6', or '7'
--------------------------------------
--------------------------------------
--- Note --- for files named derived from section titles, use the command line 
option `sec-filename'
--------------------------------------
--------------------------------------
--- Note --- for i-columns index, use the command line option `index=i' (e.g., 
index=2)
--------------------------------------
) (/usr/local/texlive/2019/texmf-dist/tex/generic/tex4ht/unicode.4ht
version 2019-06-06-15:03
) (/usr/local/texlive/2019/texmf-dist/tex/generic/tex4ht/mathml.4ht
version 2019-11-26-14:23
) (/usr/local/texlive/2019/texmf-dist/tex/generic/tex4ht/html-mml.4ht
version 2018-12-05-15:46
) (/usr/local/texlive/2019/texmf-dist/tex/generic/tex4ht/html5.4ht
version 2019-11-21-13:36
)) (/usr/local/texlive/2019/texmf-dist/tex/generic/tex4ht/inputenc.4ht
version 2009-05-21-09:32
(/usr/local/texlive/2019/texmf-dist/tex/generic/tex4ht/html4.4ht
version 2019-11-07-14:08
) (/usr/local/texlive/2019/texmf-dist/tex/generic/tex4ht/unicode.4ht
version 2019-06-06-15:03
) (/usr/local/texlive/2019/texmf-dist/tex/generic/tex4ht/mathml.4ht
version 2019-11-26-14:23
) (/usr/local/texlive/2019/texmf-dist/tex/generic/tex4ht/html-mml.4ht
version 2018-12-05-15:46
) (/usr/local/texlive/2019/texmf-dist/tex/generic/tex4ht/html5.4ht
version 2019-11-21-13:36
)) (/usr/local/texlive/2019/texmf-dist/tex/generic/tex4ht/amsmath.4ht
version 2019-01-24-14:21
\tmp:muskip=\muskip12
(/usr/local/texlive/2019/texmf-dist/tex/generic/tex4ht/html4.4ht
version 2019-11-07-14:08
) (/usr/local/texlive/2019/texmf-dist/tex/generic/tex4ht/unicode.4ht
version 2019-06-06-15:03
) (/usr/local/texlive/2019/texmf-dist/tex/generic/tex4ht/mathml.4ht
version 2019-11-26-14:23
) (/usr/local/texlive/2019/texmf-dist/tex/generic/tex4ht/html-mml.4ht
version 2018-12-05-15:46
) (/usr/local/texlive/2019/texmf-dist/tex/generic/tex4ht/html5.4ht
version 2019-11-21-13:36
)) (/usr/local/texlive/2019/texmf-dist/tex/generic/tex4ht/amstext.4ht
version 2009-05-21-09:32
(/usr/local/texlive/2019/texmf-dist/tex/generic/tex4ht/html4.4ht
version 2019-11-07-14:08
) (/usr/local/texlive/2019/texmf-dist/tex/generic/tex4ht/unicode.4ht
version 2019-06-06-15:03
) (/usr/local/texlive/2019/texmf-dist/tex/generic/tex4ht/mathml.4ht
version 2019-11-26-14:23
) (/usr/local/texlive/2019/texmf-dist/tex/generic/tex4ht/html-mml.4ht
version 2018-12-05-15:46
) (/usr/local/texlive/2019/texmf-dist/tex/generic/tex4ht/html5.4ht
version 2019-11-21-13:36
)) (/usr/local/texlive/2019/texmf-dist/tex/generic/tex4ht/amsbsy.4ht
version 2009-05-21-09:32
(/usr/local/texlive/2019/texmf-dist/tex/generic/tex4ht/html4.4ht
version 2019-11-07-14:08
) (/usr/local/texlive/2019/texmf-dist/tex/generic/tex4ht/unicode.4ht
version 2019-06-06-15:03
) (/usr/local/texlive/2019/texmf-dist/tex/generic/tex4ht/mathml.4ht
version 2019-11-26-14:23
) (/usr/local/texlive/2019/texmf-dist/tex/generic/tex4ht/html-mml.4ht
version 2018-12-05-15:46
) (/usr/local/texlive/2019/texmf-dist/tex/generic/tex4ht/html5.4ht
version 2019-11-21-13:36
)) (/usr/local/texlive/2019/texmf-dist/tex/generic/tex4ht/amsopn.4ht
version 2009-05-21-09:32
(/usr/local/texlive/2019/texmf-dist/tex/generic/tex4ht/html4.4ht
version 2019-11-07-14:08
) (/usr/local/texlive/2019/texmf-dist/tex/generic/tex4ht/unicode.4ht
version 2019-06-06-15:03
) (/usr/local/texlive/2019/texmf-dist/tex/generic/tex4ht/mathml.4ht
version 2019-11-26-14:23
) (/usr/local/texlive/2019/texmf-dist/tex/generic/tex4ht/html-mml.4ht
version 2018-12-05-15:46
) (/usr/local/texlive/2019/texmf-dist/tex/generic/tex4ht/html5.4ht
version 2019-11-21-13:36
)) (/usr/local/texlive/2019/texmf-dist/tex/generic/tex4ht/graphicx.4ht
version 2018-10-01-14:24
(/usr/local/texlive/2019/texmf-dist/tex/generic/tex4ht/html4.4ht
version 2019-11-07-14:08
) (/usr/local/texlive/2019/texmf-dist/tex/generic/tex4ht/unicode.4ht
version 2019-06-06-15:03
) (/usr/local/texlive/2019/texmf-dist/tex/generic/tex4ht/mathml.4ht
version 2019-11-26-14:23
) (/usr/local/texlive/2019/texmf-dist/tex/generic/tex4ht/html-mml.4ht
version 2018-12-05-15:46
) (/usr/local/texlive/2019/texmf-dist/tex/generic/tex4ht/html5.4ht
version 2019-11-21-13:36
)) (/usr/local/texlive/2019/texmf-dist/tex/generic/tex4ht/graphics.4ht (/usr/lo
cal/texlive/2019/texmf-dist/tex/generic/tex4ht/html4.4ht
version 2019-11-07-14:08
--------------------------------------
--- Note --- if included graphics are of degraded quality, try the command line
 options `graphics-num' or `graphics-'. The `num' should provide the density of
 pixels in the bitmaps (e.g., 110). 
--------------------------------------
--------------------------------------
--- Note --- for key dimensions try the option `Gin-dim'; for key dimensions wh
en bounding box is unavailable try `Gin-dim+'; neither is recommended
--------------------------------------
) (/usr/local/texlive/2019/texmf-dist/tex/generic/tex4ht/unicode.4ht
version 2019-06-06-15:03
) (/usr/local/texlive/2019/texmf-dist/tex/generic/tex4ht/mathml.4ht
version 2019-11-26-14:23
) (/usr/local/texlive/2019/texmf-dist/tex/generic/tex4ht/html-mml.4ht
version 2018-12-05-15:46
) (/usr/local/texlive/2019/texmf-dist/tex/generic/tex4ht/html5.4ht
version 2019-11-21-13:36
)) (/usr/local/texlive/2019/texmf-dist/tex/generic/tex4ht/dvips.4ht
version 2009-05-21-09:32
(/usr/local/texlive/2019/texmf-dist/tex/generic/tex4ht/html4.4ht
version 2019-11-07-14:08
) (/usr/local/texlive/2019/texmf-dist/tex/generic/tex4ht/unicode.4ht
version 2019-06-06-15:03
) (/usr/local/texlive/2019/texmf-dist/tex/generic/tex4ht/mathml.4ht
version 2019-11-26-14:23
) (/usr/local/texlive/2019/texmf-dist/tex/generic/tex4ht/html-mml.4ht
version 2018-12-05-15:46
) (/usr/local/texlive/2019/texmf-dist/tex/generic/tex4ht/html5.4ht
version 2019-11-21-13:36
)) (/usr/local/texlive/2019/texmf-dist/tex/generic/tex4ht/amssymb.4ht
version 2009-05-21-09:32
(/usr/local/texlive/2019/texmf-dist/tex/generic/tex4ht/html4.4ht
version 2019-11-07-14:08
) (/usr/local/texlive/2019/texmf-dist/tex/generic/tex4ht/unicode.4ht
version 2019-06-06-15:03
) (/usr/local/texlive/2019/texmf-dist/tex/generic/tex4ht/mathml.4ht
version 2019-11-26-14:23
[54] [55] [56] [57] [58] [59] [60] [61] [62] [63] [64] [65] [66] [67] [68] [69]
[70] [71] [72] [73] [74] [75] [76] [77] [78] [79] [80] [81] [82] [83] [84] [85]
[86] [87] [88] [89] [90] [91] [92] [93] [94] [95] [96] [97] [98] [99] [100] [10
1] [102] [103] [104] [105] [106] [107] [108] [109] [110] [111] [112] [113] [114
] [115] [116] [117] [118] [119] [120] [121] [122] [123] [124] [125] [126] [127]
[128] [129] [130] [131] [132] [133] [134] [135] [136] [137] [138] [139] [140] [
141] [142] [143] [144] [145] [146] [147] [148] [149] [150] [151] [152] [153] [1
54] [155] [156] [157] [158] [159] [160] [161] [162] [163] [164] [165] [166] [16
7] [168] [169] [170] [171] [172] [173] [174] [175] [176] [177] [178] [179] [180
] [181] [182] [183] [184] [185] [186] [187] [188] [189] [190] [191] [192] [193]
[194] [195] [196] [197] [198] [199] [200] [201] [202] [203] [204] [205] [206] [
207] [208] [209] [210] [211] [212] [213] [214] [215] [216] [217] [218] [219] [2
20] [221] [222] [223] [224] [225] [226] [227] [228] [229] [230] [231] [232] [23
3] [234] [235] [236] [237] [238] [239] [240] [241] [242] [243] [244] [245] [246
] [247] [248] [249] [250] [251] [252] [253] [254] [255] [256] [257]) (/usr/loca
l/texlive/2019/texmf-dist/tex/generic/tex4ht/html-mml.4ht
version 2018-12-05-15:46
) (/usr/local/texlive/2019/texmf-dist/tex/generic/tex4ht/html5.4ht
version 2019-11-21-13:36
)) (/usr/local/texlive/2019/texmf-dist/tex/generic/tex4ht/amsfonts.4ht
version 2009-05-21-09:32
(/usr/local/texlive/2019/texmf-dist/tex/generic/tex4ht/html4.4ht
version 2019-11-07-14:08
) (/usr/local/texlive/2019/texmf-dist/tex/generic/tex4ht/unicode.4ht
version 2019-06-06-15:03
) (/usr/local/texlive/2019/texmf-dist/tex/generic/tex4ht/mathml.4ht
version 2019-11-26-14:23
) (/usr/local/texlive/2019/texmf-dist/tex/generic/tex4ht/html-mml.4ht
version 2018-12-05-15:46
) (/usr/local/texlive/2019/texmf-dist/tex/generic/tex4ht/html5.4ht
version 2019-11-21-13:36
)) (/usr/local/texlive/2019/texmf-dist/tex/generic/tex4ht/amsthm.4ht
version 2009-05-21-09:32
(/usr/local/texlive/2019/texmf-dist/tex/generic/tex4ht/html4.4ht
version 2019-11-07-14:08
) (/usr/local/texlive/2019/texmf-dist/tex/generic/tex4ht/unicode.4ht
version 2019-06-06-15:03
) (/usr/local/texlive/2019/texmf-dist/tex/generic/tex4ht/mathml.4ht
version 2019-11-26-14:23
) (/usr/local/texlive/2019/texmf-dist/tex/generic/tex4ht/html-mml.4ht
version 2018-12-05-15:46
) (/usr/local/texlive/2019/texmf-dist/tex/generic/tex4ht/html5.4ht
version 2019-11-21-13:36
)) (/usr/local/texlive/2019/texmf-dist/tex/generic/tex4ht/listings.4ht
version 2017-04-22-16:03
(/usr/local/texlive/2019/texmf-dist/tex/generic/tex4ht/html4.4ht
version 2019-11-07-14:08
--------------------------------------
--- Note --- to ensure proper alignments use fixed size fonts (see listings.dtx
)
--------------------------------------
) (/usr/local/texlive/2019/texmf-dist/tex/generic/tex4ht/unicode.4ht
version 2019-06-06-15:03
) (/usr/local/texlive/2019/texmf-dist/tex/generic/tex4ht/mathml.4ht
version 2019-11-26-14:23
) (/usr/local/texlive/2019/texmf-dist/tex/generic/tex4ht/html-mml.4ht
version 2018-12-05-15:46
) (/usr/local/texlive/2019/texmf-dist/tex/generic/tex4ht/html5.4ht
version 2019-11-21-13:36
)) (/usr/local/texlive/2019/texmf-dist/tex/generic/tex4ht/xcolor.4ht
version 2019-04-09-10:06
(/usr/local/texlive/2019/texmf-dist/tex/generic/tex4ht/color.4ht (/usr/local/te
xlive/2019/texmf-dist/tex/generic/tex4ht/html4.4ht
version 2019-11-07-14:08
) (/usr/local/texlive/2019/texmf-dist/tex/generic/tex4ht/unicode.4ht
version 2019-06-06-15:03
) (/usr/local/texlive/2019/texmf-dist/tex/generic/tex4ht/mathml.4ht
version 2019-11-26-14:23
) (/usr/local/texlive/2019/texmf-dist/tex/generic/tex4ht/html-mml.4ht
version 2018-12-05-15:46
) (/usr/local/texlive/2019/texmf-dist/tex/generic/tex4ht/html5.4ht
version 2019-11-21-13:36
)) (/usr/local/texlive/2019/texmf-dist/tex/generic/tex4ht/html4.4ht
version 2019-11-07-14:08
) (/usr/local/texlive/2019/texmf-dist/tex/generic/tex4ht/unicode.4ht
version 2019-06-06-15:03
) (/usr/local/texlive/2019/texmf-dist/tex/generic/tex4ht/mathml.4ht
version 2019-11-26-14:23
) (/usr/local/texlive/2019/texmf-dist/tex/generic/tex4ht/html-mml.4ht
version 2018-12-05-15:46
) (/usr/local/texlive/2019/texmf-dist/tex/generic/tex4ht/html5.4ht
version 2019-11-21-13:36
)) (/usr/local/texlive/2019/texmf-dist/tex/generic/tex4ht/color.4ht) (/usr/loca
l/texlive/2019/texmf-dist/tex/generic/tex4ht/natbib.4ht (/usr/local/texlive/201
9/texmf-dist/tex/generic/tex4ht/html4.4ht
version 2019-11-07-14:08
) (/usr/local/texlive/2019/texmf-dist/tex/generic/tex4ht/unicode.4ht
version 2019-06-06-15:03
) (/usr/local/texlive/2019/texmf-dist/tex/generic/tex4ht/mathml.4ht
version 2019-11-26-14:23
) (/usr/local/texlive/2019/texmf-dist/tex/generic/tex4ht/html-mml.4ht
version 2018-12-05-15:46
) (/usr/local/texlive/2019/texmf-dist/tex/generic/tex4ht/html5.4ht
version 2019-11-21-13:36
)) (/usr/local/texlive/2019/texmf-dist/tex/generic/tex4ht/verbatim.4ht
version 2009-05-21-09:32
(/usr/local/texlive/2019/texmf-dist/tex/generic/tex4ht/html4.4ht
version 2019-11-07-14:08
) (/usr/local/texlive/2019/texmf-dist/tex/generic/tex4ht/unicode.4ht
version 2019-06-06-15:03
) (/usr/local/texlive/2019/texmf-dist/tex/generic/tex4ht/mathml.4ht
version 2019-11-26-14:23
) (/usr/local/texlive/2019/texmf-dist/tex/generic/tex4ht/html-mml.4ht
version 2018-12-05-15:46
) (/usr/local/texlive/2019/texmf-dist/tex/generic/tex4ht/html5.4ht
version 2019-11-21-13:36
)) (/usr/local/texlive/2019/texmf-dist/tex/generic/tex4ht/xy.4ht
version 2009-05-21-09:32
(/usr/local/texlive/2019/texmf-dist/tex/generic/tex4ht/html4.4ht
version 2019-11-07-14:08
) (/usr/local/texlive/2019/texmf-dist/tex/generic/tex4ht/unicode.4ht
version 2019-06-06-15:03
) (/usr/local/texlive/2019/texmf-dist/tex/generic/tex4ht/mathml.4ht
version 2019-11-26-14:23
) (/usr/local/texlive/2019/texmf-dist/tex/generic/tex4ht/html-mml.4ht
version 2018-12-05-15:46
) (/usr/local/texlive/2019/texmf-dist/tex/generic/tex4ht/html5.4ht
version 2019-11-21-13:36
)) (/usr/local/texlive/2019/texmf-dist/tex/generic/tex4ht/pgf.4ht
version 2009-05-21-09:32
(/usr/local/texlive/2019/texmf-dist/tex/generic/tex4ht/html4.4ht
version 2019-11-07-14:08
) (/usr/local/texlive/2019/texmf-dist/tex/generic/tex4ht/unicode.4ht
version 2019-06-06-15:03
) (/usr/local/texlive/2019/texmf-dist/tex/generic/tex4ht/mathml.4ht
version 2019-11-26-14:23
) (/usr/local/texlive/2019/texmf-dist/tex/generic/tex4ht/html-mml.4ht
version 2018-12-05-15:46
) (/usr/local/texlive/2019/texmf-dist/tex/generic/tex4ht/html5.4ht
version 2019-11-21-13:36
)) (/usr/local/texlive/2019/texmf-dist/tex/generic/tex4ht/everyshi.4ht
version 2009-05-21-09:32
(/usr/local/texlive/2019/texmf-dist/tex/generic/tex4ht/html4.4ht
version 2019-11-07-14:08
) (/usr/local/texlive/2019/texmf-dist/tex/generic/tex4ht/unicode.4ht
version 2019-06-06-15:03
) (/usr/local/texlive/2019/texmf-dist/tex/generic/tex4ht/mathml.4ht
version 2019-11-26-14:23
) (/usr/local/texlive/2019/texmf-dist/tex/generic/tex4ht/html-mml.4ht
version 2018-12-05-15:46
) (/usr/local/texlive/2019/texmf-dist/tex/generic/tex4ht/html5.4ht
version 2019-11-21-13:36
)) (/usr/local/texlive/2019/texmf-dist/tex/generic/tex4ht/hyperref.4ht
version 2019-09-14-15:17
(/usr/local/texlive/2019/texmf-dist/tex/latex/hyperref/nameref.sty
Package: nameref 2019/09/16 v2.46 Cross-referencing by name of section
(/usr/local/texlive/2019/texmf-dist/tex/latex/oberdiek/refcount.sty
Package: refcount 2016/05/16 v3.5 Data extraction from label references (HO)
) (/usr/local/texlive/2019/texmf-dist/tex/generic/oberdiek/gettitlestring.sty
Package: gettitlestring 2016/05/16 v1.5 Cleanup title references (HO)
)
\c@section@level=\count160
) (/usr/local/texlive/2019/texmf-dist/tex/generic/tex4ht/nameref.4ht
version 2017-11-27-09:16
(/usr/local/texlive/2019/texmf-dist/tex/generic/tex4ht/html4.4ht
version 2019-11-07-14:08
) (/usr/local/texlive/2019/texmf-dist/tex/generic/tex4ht/unicode.4ht
version 2019-06-06-15:03
) (/usr/local/texlive/2019/texmf-dist/tex/generic/tex4ht/mathml.4ht
version 2019-11-26-14:23
) (/usr/local/texlive/2019/texmf-dist/tex/generic/tex4ht/html-mml.4ht
version 2018-12-05-15:46
) (/usr/local/texlive/2019/texmf-dist/tex/generic/tex4ht/html5.4ht
version 2019-11-21-13:36
))
LaTeX Info: Redefining \autoref on input line 95.
\Hy@SectionHShift=\skip52
(/usr/local/texlive/2019/texmf-dist/tex/generic/tex4ht/html4.4ht
version 2019-11-07-14:08
) (/usr/local/texlive/2019/texmf-dist/tex/generic/tex4ht/unicode.4ht
version 2019-06-06-15:03
) (/usr/local/texlive/2019/texmf-dist/tex/generic/tex4ht/mathml.4ht
version 2019-11-26-14:23
) (/usr/local/texlive/2019/texmf-dist/tex/generic/tex4ht/html-mml.4ht
version 2018-12-05-15:46
) (/usr/local/texlive/2019/texmf-dist/tex/generic/tex4ht/html5.4ht
version 2019-11-21-13:36
)) (/usr/local/texlive/2019/texmf-dist/tex/generic/tex4ht/pd1enc.4ht
version 2009-05-21-09:32
(/usr/local/texlive/2019/texmf-dist/tex/generic/tex4ht/html4.4ht
version 2019-11-07-14:08
) (/usr/local/texlive/2019/texmf-dist/tex/generic/tex4ht/unicode.4ht
version 2019-06-06-15:03
) (/usr/local/texlive/2019/texmf-dist/tex/generic/tex4ht/mathml.4ht
version 2019-11-26-14:23
) (/usr/local/texlive/2019/texmf-dist/tex/generic/tex4ht/html-mml.4ht
version 2018-12-05-15:46
) (/usr/local/texlive/2019/texmf-dist/tex/generic/tex4ht/html5.4ht
version 2019-11-21-13:36
)) (/usr/local/texlive/2019/texmf-dist/tex/generic/tex4ht/url.4ht
version 2009-05-21-09:32
(/usr/local/texlive/2019/texmf-dist/tex/generic/tex4ht/html4.4ht
version 2019-11-07-14:08
--------------------------------------
--- Note --- for URL encoding within href use the command line option `url-enc'

--------------------------------------
) (/usr/local/texlive/2019/texmf-dist/tex/generic/tex4ht/unicode.4ht
version 2019-06-06-15:03
) (/usr/local/texlive/2019/texmf-dist/tex/generic/tex4ht/mathml.4ht
version 2019-11-26-14:23
) (/usr/local/texlive/2019/texmf-dist/tex/generic/tex4ht/html-mml.4ht
version 2018-12-05-15:46
) (/usr/local/texlive/2019/texmf-dist/tex/generic/tex4ht/html5.4ht
version 2019-11-21-13:36
)) (/usr/local/texlive/2019/texmf-dist/tex/generic/tex4ht/html4.4ht
version 2019-11-07-14:08
) (/usr/local/texlive/2019/texmf-dist/tex/generic/tex4ht/unicode.4ht
version 2019-06-06-15:03
) (/usr/local/texlive/2019/texmf-dist/tex/generic/tex4ht/mathml.4ht
version 2019-11-26-14:23
) (/usr/local/texlive/2019/texmf-dist/tex/generic/tex4ht/html-mml.4ht
version 2018-12-05-15:46
) (/usr/local/texlive/2019/texmf-dist/tex/generic/tex4ht/html5.4ht
version 2019-11-21-13:36
)) (/compile/main.aux)
\openout1 = `main.aux'.

LaTeX Font Info:    Checking defaults for OML/cmm/m/it on input line 114.
LaTeX Font Info:    ... okay on input line 114.
LaTeX Font Info:    Checking defaults for T1/cmr/m/n on input line 114.
LaTeX Font Info:    ... okay on input line 114.
LaTeX Font Info:    Checking defaults for OT1/cmr/m/n on input line 114.
LaTeX Font Info:    ... okay on input line 114.
LaTeX Font Info:    Checking defaults for OMS/cmsy/m/n on input line 114.
LaTeX Font Info:    ... okay on input line 114.
LaTeX Font Info:    Checking defaults for OMX/cmex/m/n on input line 114.
LaTeX Font Info:    ... okay on input line 114.
LaTeX Font Info:    Checking defaults for U/cmr/m/n on input line 114.
LaTeX Font Info:    ... okay on input line 114.
LaTeX Font Info:    Checking defaults for PD1/pdf/m/n on input line 114.
LaTeX Font Info:    ... okay on input line 114.
\c@lstlisting=\count161
\AtBeginShipoutBox=\box48
Package hyperref Info: Link coloring ON on input line 114.
LaTeX Info: Redefining \ref on input line 114.
LaTeX Info: Redefining \pageref on input line 114.
LaTeX Info: Redefining \nameref on input line 114.
--- file main.css ---
) [1] [2] (/compile/main.4ct) [3] (/compile/intro.tex) (/compile/Thehomology.te
x [4] [5] [6] [7] [8] [9] [10]) (/compile/The Homology of Amalgamated Free Prod
ucts.tex [11] <xymatrix
l. 7 Writing main.idv[1] (main0x.png)
2x2 182> [12] <xymatrix
l. 22 Writing main.idv[2] (main1x.png)
2x2 154> [13] [14] <xymatrix
l. 42 Writing main.idv[3] (main2x.png)
2x2 154>

! LaTeX Error: Environment Lemma undefined.

See the LaTeX manual or LaTeX Companion for explanation.
Type  H <return>  for immediate help.
 ...                                              
                                                  
l.50 \begin{Lemma}
                  
Your command was ignored.
Type  I <command> <return>  to replace it with another command,
or  <return>  to continue without it.


! LaTeX Error: \begin{document} ended by \end{Lemma}.

See the LaTeX manual or LaTeX Companion for explanation.
Type  H <return>  for immediate help.
 ...                                              
                                                  
l.53 \end{Lemma}
                
Your command was ignored.
Type  I <command> <return>  to replace it with another command,
or  <return>  to continue without it.

[15] <xymatrix
l. 64 Writing main.idv[4] (main3x.png)
2x2 154> [16] [17] <xymatrix
l. 82 Writing main.idv[5] (main4x.png)
2x2 154> [18]) (/compile/Gpactionsontrees.tex [19] [20] [21] [22] [23] [24] [25
] [26] [27] [28] [29] [30] [31] [32] [33] [34] [35]) (/compile/HomologySL2.tex 
[36] (/compile/Fareytree.tex [37] [38

]
l.8 --- TeX4ht warning --- File `"FareyDiagram.xbb"' not found ---
l.8 --- TeX4ht warning --- Cannot determine size of graphic in "FareyDiagram.xb
b" (no BoundingBox) ---
l. 8 --- needs --- FareyDiagram.jpg ---
[39

] [40

] [41] [42] [43

]
l.74 --- TeX4ht warning --- File `"FareyTree.xbb"' not found ---
l.74 --- TeX4ht warning --- Cannot determine size of graphic in "FareyTree.xbb"
 (no BoundingBox) ---
l. 74 --- needs --- FareyTree.jpg ---
[44

] [45

] [46] [47] [48] [49] [50]) [51] [52]
l.44 --- TeX4ht warning --- File `"injection.xbb"' not found ---
l.44 --- TeX4ht warning --- Cannot determine size of graphic in "injection.xbb"
 (no BoundingBox) ---
l. 44 --- needs --- injection.jpg ---
[53] [54]) (/compile/appendix.tex [55] [56] [57

]
l.12 --- TeX4ht warning --- File `"mappingcylinder.xbb"' not found ---
l.12 --- TeX4ht warning --- Cannot determine size of graphic in "mappingcylinde
r.xbb" (no BoundingBox) ---
l. 12 --- needs --- mappingcylinder.jpg ---
[58

] <xymatrix
l. 18 Writing main.idv[6] (main5x.png)
2x2 175> [59

] <xymatrix
l. 36 Writing main.idv[7] (main6x.png)
2x2 86>) [60] (/compile/main.bbl [61]) [62] [63

] (/compile/main.aux) ) 
Here is how much of TeX's memory you used:
 26823 strings out of 492165
 470138 string characters out of 6125340
 694745 words of memory out of 5000000
 30330 multiletter control sequences out of 15000+600000
 17162 words of font info for 69 fonts, out of 8000000 for 9000
 1141 hyphenation exceptions out of 8191
 73i,17n,91p,1520b,669s stack positions out of 5000i,500n,10000p,200000b,80000s

Output written on main.dvi (320 pages, 473724 bytes).
